0 info it worked if it ends with ok
1 verbose cli [ 'C:\\Program Files\\nodejs\\node.exe',
1 verbose cli   'C:\\Program Files\\nodejs\\node_modules\\npm\\bin\\npm-cli.js',
1 verbose cli   'run',
1 verbose cli   'build' ]
2 info using npm@3.10.8
3 info using node@v6.9.1
4 verbose run-script [ 'prebuild', 'build', 'postbuild' ]
5 info lifecycle upstar_music@1.0.0~prebuild: upstar_music@1.0.0
6 silly lifecycle upstar_music@1.0.0~prebuild: no script for prebuild, continuing
7 info lifecycle upstar_music@1.0.0~build: upstar_music@1.0.0
8 verbose lifecycle upstar_music@1.0.0~build: unsafe-perm in lifecycle true
9 verbose lifecycle upstar_music@1.0.0~build: PATH: C:\Program Files\nodejs\node_modules\npm\bin\node-gyp-bin;C:\Users\wittayasutt\Documents\test-webpack\node_modules\.bin;C:\Program Files\cmder\bin;C:\Program Files\cmder\vendor\conemu-maximus5\ConEmu\Scripts;C:\Program Files\cmder\vendor\conemu-maximus5;C:\Program Files\cmder\vendor\conemu-maximus5\ConEmu;C:\Windows\system32;C:\Windows;C:\Windows\System32\Wbem;C:\Windows\System32\WindowsPowerShell\v1.0\;C:\Program Files\Intel\WiFi\bin\;C:\Program Files\Common Files\Intel\WirelessCommon\;C:\Program Files (x86)\Windows Kits\8.1\Windows Performance Toolkit\;C:\Program Files\Microsoft SQL Server\110\Tools\Binn\;C:\Program Files\Redis\;C:\xampp\php;C:\ProgramData\ComposerSetup\bin;C:\Program Files\nodejs\;C:\Program Files (x86)\Heroku\bin;C:\Program Files (x86)\git\cmd;C:\Program Files (x86)\Git\cmd;C:\Program Files\Intel\WiFi\bin\;C:\Program Files\Common Files\Intel\WirelessCommon\;C:\Emgu\emgucv-windows-universal 3.0.0.2157\bin;C:\Emgu\emgucv-windows-universal 3.0.0.2157\bin\x64;C:\Users\wittayasutt\AppData\Roaming\Composer\vendor\bin;C:\Users\wittayasutt\AppData\Roaming\npm;C:\Users\wittayasutt\AppData\Local\atom\binC:\Users\wittayasutt\AppData\Local\atom\binC:\Users\wittayasutt\AppData\Local\atom;C:\Program Files (x86)\Git\usr\bin;C:\Program Files (x86)\Git\usr\share\vim\vim74;C:\Program Files\cmder\
10 verbose lifecycle upstar_music@1.0.0~build: CWD: C:\Users\wittayasutt\Documents\test-webpack
11 silly lifecycle upstar_music@1.0.0~build: Args: [ '/d /s /c',
11 silly lifecycle   'NODE_ENV=production npm run clean && webpack -p' ]
12 silly lifecycle upstar_music@1.0.0~build: Returned: code: 1  signal: null
13 info lifecycle upstar_music@1.0.0~build: Failed to exec build script
14 verbose stack Error: upstar_music@1.0.0 build: `NODE_ENV=production npm run clean && webpack -p`
14 verbose stack Exit status 1
14 verbose stack     at EventEmitter.<anonymous> (C:\Program Files\nodejs\node_modules\npm\lib\utils\lifecycle.js:255:16)
14 verbose stack     at emitTwo (events.js:106:13)
14 verbose stack     at EventEmitter.emit (events.js:191:7)
14 verbose stack     at ChildProcess.<anonymous> (C:\Program Files\nodejs\node_modules\npm\lib\utils\spawn.js:40:14)
14 verbose stack     at emitTwo (events.js:106:13)
14 verbose stack     at ChildProcess.emit (events.js:191:7)
14 verbose stack     at maybeClose (internal/child_process.js:877:16)
14 verbose stack     at Process.ChildProcess._handle.onexit (internal/child_process.js:226:5)
15 verbose pkgid upstar_music@1.0.0
16 verbose cwd C:\Users\wittayasutt\Documents\test-webpack
17 error Windows_NT 6.3.9600
18 error argv "C:\\Program Files\\nodejs\\node.exe" "C:\\Program Files\\nodejs\\node_modules\\npm\\bin\\npm-cli.js" "run" "build"
19 error node v6.9.1
20 error npm  v3.10.8
21 error code ELIFECYCLE
22 error upstar_music@1.0.0 build: `NODE_ENV=production npm run clean && webpack -p`
22 error Exit status 1
23 error Failed at the upstar_music@1.0.0 build script 'NODE_ENV=production npm run clean && webpack -p'.
23 error Make sure you have the latest version of node.js and npm installed.
23 error If you do, this is most likely a problem with the upstar_music package,
23 error not with npm itself.
23 error Tell the author that this fails on your system:
23 error     NODE_ENV=production npm run clean && webpack -p
23 error You can get information on how to open an issue for this project with:
23 error     npm bugs upstar_music
23 error Or if that isn't available, you can get their info via:
23 error     npm owner ls upstar_music
23 error There is likely additional logging output above.
24 verbose exit [ 1, true ]
